2025-10-27 20:04:05 Loading main app package /opt/obsidian/resources/obsidian.asar
2025-10-27 20:04:05 Checking for update using Github
2025-10-27 20:04:05 Success.
2025-10-27 20:04:05 Latest version is 1.9.14
2025-10-27 20:04:05 App is up to date.
2025-10-27 21:04:05 Checking for update using Github
2025-10-27 21:04:05 Success.
2025-10-27 21:04:05 Latest version is 1.9.14
2025-10-27 21:04:05 App is up to date.
2025-10-27 22:04:05 Checking for update using Github
2025-10-27 22:04:05 Success.
2025-10-27 22:04:05 Latest version is 1.9.14
2025-10-27 22:04:05 App is up to date.
2025-10-27 23:04:05 Checking for update using Github
2025-10-27 23:04:05 Success.
2025-10-27 23:04:05 Latest version is 1.9.14
2025-10-27 23:04:05 App is up to date.
2025-10-28 00:04:05 Checking for update using Github
2025-10-28 00:04:05 Success.
2025-10-28 00:04:05 Latest version is 1.9.14
2025-10-28 00:04:05 App is up to date.
2025-10-28 01:04:05 Checking for update using Github
2025-10-28 01:04:05 Success.
2025-10-28 01:04:05 Latest version is 1.9.14
2025-10-28 01:04:05 App is up to date.
2025-10-28 02:04:05 Checking for update using Github
2025-10-28 02:04:05 Success.
2025-10-28 02:04:05 Latest version is 1.9.14
2025-10-28 02:04:05 App is up to date.
2025-10-28 03:04:05 Checking for update using Github
2025-10-28 03:04:05 Success.
2025-10-28 03:04:05 Latest version is 1.9.14
2025-10-28 03:04:05 App is up to date.
2025-10-28 04:04:05 Checking for update using Github
2025-10-28 04:04:05 Success.
2025-10-28 04:04:05 Latest version is 1.9.14
2025-10-28 04:04:05 App is up to date.
2025-10-28 05:04:05 Checking for update using Github
2025-10-28 05:04:05 Success.
2025-10-28 05:04:05 Latest version is 1.9.14
2025-10-28 05:04:05 App is up to date.
2025-10-28 06:04:05 Checking for update using Github
2025-10-28 06:04:05 Success.
2025-10-28 06:04:05 Latest version is 1.9.14
2025-10-28 06:04:05 App is up to date.
2025-10-28 17:04:22 Loading main app package /opt/obsidian/resources/obsidian.asar
2025-10-28 17:04:22 Checking for update using Github
2025-10-28 17:04:22 Success.
2025-10-28 17:04:22 Latest version is 1.9.14
2025-10-28 17:04:22 App is up to date.
2025-10-28 18:04:21 Checking for update using Github
2025-10-28 18:04:21 Success.
2025-10-28 18:04:21 Latest version is 1.9.14
2025-10-28 18:04:21 App is up to date.
2025-10-28 19:04:21 Checking for update using Github
2025-10-28 19:04:21 Success.
2025-10-28 19:04:21 Latest version is 1.9.14
2025-10-28 19:04:21 App is up to date.
2025-10-28 20:04:21 Checking for update using Github
2025-10-28 20:04:21 Success.
2025-10-28 20:04:21 Latest version is 1.9.14
2025-10-28 20:04:21 App is up to date.
2025-10-28 21:04:21 Checking for update using Github
2025-10-28 21:04:21 Success.
2025-10-28 21:04:21 Latest version is 1.9.14
2025-10-28 21:04:21 App is up to date.
2025-10-28 22:04:21 Checking for update using Github
2025-10-28 22:04:21 Success.
2025-10-28 22:04:21 Latest version is 1.9.14
2025-10-28 22:04:21 App is up to date.
2025-10-28 23:04:21 Checking for update using Github
2025-10-28 23:04:21 Success.
2025-10-28 23:04:21 Latest version is 1.9.14
2025-10-28 23:04:21 App is up to date.
2025-10-29 00:04:21 Checking for update using Github
2025-10-29 00:04:21 Success.
2025-10-29 00:04:21 Latest version is 1.9.14
2025-10-29 00:04:21 App is up to date.
2025-10-29 01:04:21 Checking for update using Github
2025-10-29 01:04:21 Success.
2025-10-29 01:04:21 Latest version is 1.9.14
2025-10-29 01:04:21 App is up to date.
2025-10-29 02:04:21 Checking for update using Github
2025-10-29 02:04:21 Success.
2025-10-29 02:04:21 Latest version is 1.9.14
2025-10-29 02:04:21 App is up to date.
2025-10-29 03:04:21 Checking for update using Github
2025-10-29 03:04:21 Success.
2025-10-29 03:04:21 Latest version is 1.9.14
2025-10-29 03:04:21 App is up to date.
2025-10-29 04:04:21 Checking for update using Github
2025-10-29 04:04:21 Success.
2025-10-29 04:04:21 Latest version is 1.9.14
2025-10-29 04:04:21 App is up to date.
2025-10-29 05:04:21 Checking for update using Github
2025-10-29 05:04:21 Success.
2025-10-29 05:04:21 Latest version is 1.9.14
2025-10-29 05:04:21 App is up to date.
2025-10-29 06:04:21 Checking for update using Github
2025-10-29 06:04:21 Success.
2025-10-29 06:04:21 Latest version is 1.9.14
2025-10-29 06:04:21 App is up to date.
2025-10-29 07:04:21 Checking for update using Github
2025-10-29 07:04:21 Success.
2025-10-29 07:04:21 Latest version is 1.9.14
2025-10-29 07:04:21 App is up to date.
2025-10-29 17:51:52 Loading main app package /opt/obsidian/resources/obsidian.asar
2025-10-29 17:51:52 Checking for update using Github
2025-10-29 17:51:52 Success.
2025-10-29 17:51:52 Latest version is 1.9.14
2025-10-29 17:51:52 App is up to date.
2025-10-29 18:51:51 Checking for update using Github
2025-10-29 18:51:51 Success.
2025-10-29 18:51:51 Latest version is 1.9.14
2025-10-29 18:51:51 App is up to date.
2025-10-29 19:51:51 Checking for update using Github
2025-10-29 19:51:51 Success.
2025-10-29 19:51:51 Latest version is 1.9.14
2025-10-29 19:51:51 App is up to date.
2025-10-29 20:51:51 Checking for update using Github
2025-10-29 20:51:51 Success.
2025-10-29 20:51:51 Latest version is 1.9.14
2025-10-29 20:51:51 App is up to date.
2025-10-29 21:51:51 Checking for update using Github
2025-10-29 21:51:51 Success.
2025-10-29 21:51:51 Latest version is 1.9.14
2025-10-29 21:51:51 App is up to date.
2025-10-29 22:51:51 Checking for update using Github
2025-10-29 22:51:51 Success.
2025-10-29 22:51:51 Latest version is 1.9.14
2025-10-29 22:51:51 App is up to date.
2025-10-29 23:51:51 Checking for update using Github
2025-10-29 23:51:51 Success.
2025-10-29 23:51:51 Latest version is 1.9.14
2025-10-29 23:51:51 App is up to date.
2025-10-30 00:51:51 Checking for update using Github
2025-10-30 00:51:51 Success.
2025-10-30 00:51:51 Latest version is 1.9.14
2025-10-30 00:51:51 App is up to date.
2025-10-30 01:51:51 Checking for update using Github
2025-10-30 01:51:51 Success.
2025-10-30 01:51:51 Latest version is 1.9.14
2025-10-30 01:51:51 App is up to date.
2025-10-30 01:59:24 Loading main app package /opt/obsidian/resources/obsidian.asar
2025-10-30 01:59:24 Checking for update using Github
2025-10-30 02:00:07 Failed to check for update using Github (net::ERR_NAME_NOT_RESOLVED)
2025-10-30 02:00:07 Checking for update using obsidian.md
2025-10-30 02:00:36 Failed to check for update using obsidian.md (net::ERR_NAME_NOT_RESOLVED)
2025-10-30 16:56:40 Loading main app package /opt/obsidian/resources/obsidian.asar
2025-10-30 16:56:40 Checking for update using Github
2025-10-30 16:56:40 Success.
2025-10-30 16:56:40 Latest version is 1.9.14
2025-10-30 16:56:40 App is up to date.
2025-10-30 17:56:39 Checking for update using Github
2025-10-30 17:56:39 Success.
2025-10-30 17:56:39 Latest version is 1.9.14
2025-10-30 17:56:39 App is up to date.
2025-10-30 18:56:39 Checking for update using Github
2025-10-30 18:56:39 Success.
2025-10-30 18:56:39 Latest version is 1.9.14
2025-10-30 18:56:39 App is up to date.
2025-10-30 20:04:07 Loading main app package /opt/obsidian/resources/obsidian.asar
2025-10-30 20:04:07 Checking for update using Github
2025-10-30 20:04:08 Success.
2025-10-30 20:04:08 Latest version is 1.9.14
2025-10-30 20:04:08 App is up to date.
2025-10-30 21:04:07 Checking for update using Github
2025-10-30 21:04:07 Success.
2025-10-30 21:04:07 Latest version is 1.9.14
2025-10-30 21:04:07 App is up to date.
2025-10-30 22:04:07 Checking for update using Github
2025-10-30 22:04:08 Success.
2025-10-30 22:04:08 Latest version is 1.9.14
2025-10-30 22:04:08 App is up to date.
2025-10-30 23:04:07 Checking for update using Github
2025-10-30 23:04:07 Success.
2025-10-30 23:04:07 Latest version is 1.9.14
2025-10-30 23:04:07 App is up to date.
2025-10-31 00:04:07 Checking for update using Github
2025-10-31 00:04:07 Success.
2025-10-31 00:04:07 Latest version is 1.9.14
2025-10-31 00:04:07 App is up to date.
2025-10-31 01:04:07 Checking for update using Github
2025-10-31 01:04:07 Success.
2025-10-31 01:04:07 Latest version is 1.9.14
2025-10-31 01:04:07 App is up to date.
2025-10-31 02:04:07 Checking for update using Github
2025-10-31 02:04:07 Success.
2025-10-31 02:04:07 Latest version is 1.9.14
2025-10-31 02:04:07 App is up to date.
2025-10-31 03:04:07 Checking for update using Github
2025-10-31 03:04:07 Success.
2025-10-31 03:04:07 Latest version is 1.9.14
2025-10-31 03:04:07 App is up to date.
2025-10-31 04:04:07 Checking for update using Github
2025-10-31 04:04:07 Success.
2025-10-31 04:04:07 Latest version is 1.9.14
2025-10-31 04:04:07 App is up to date.
2025-10-31 05:04:07 Checking for update using Github
2025-10-31 05:04:07 Success.
2025-10-31 05:04:07 Latest version is 1.9.14
2025-10-31 05:04:07 App is up to date.
2025-10-31 06:04:07 Checking for update using Github
2025-10-31 06:04:08 Success.
2025-10-31 06:04:08 Latest version is 1.9.14
2025-10-31 06:04:08 App is up to date.
2025-10-31 07:04:07 Checking for update using Github
2025-10-31 07:04:07 Success.
2025-10-31 07:04:07 Latest version is 1.9.14
2025-10-31 07:04:07 App is up to date.
2025-10-31 08:04:07 Checking for update using Github
2025-10-31 08:04:07 Success.
2025-10-31 08:04:07 Latest version is 1.9.14
2025-10-31 08:04:07 App is up to date.
2025-10-31 09:04:07 Checking for update using Github
2025-10-31 09:04:07 Success.
2025-10-31 09:04:07 Latest version is 1.9.14
2025-10-31 09:04:07 App is up to date.
2025-10-31 10:04:07 Checking for update using Github
2025-10-31 10:04:07 Success.
2025-10-31 10:04:07 Latest version is 1.9.14
2025-10-31 10:04:07 App is up to date.
2025-10-31 11:04:07 Checking for update using Github
2025-10-31 11:04:07 Success.
2025-10-31 11:04:07 Latest version is 1.9.14
2025-10-31 11:04:07 App is up to date.
2025-10-31 12:04:07 Checking for update using Github
2025-10-31 12:04:07 Success.
2025-10-31 12:04:07 Latest version is 1.9.14
2025-10-31 12:04:07 App is up to date.
2025-10-31 13:04:07 Checking for update using Github
2025-10-31 13:04:08 Success.
2025-10-31 13:04:08 Latest version is 1.9.14
2025-10-31 13:04:08 App is up to date.
2025-10-31 14:04:07 Checking for update using Github
2025-10-31 14:04:07 Success.
2025-10-31 14:04:07 Latest version is 1.9.14
2025-10-31 14:04:07 App is up to date.
2025-10-31 15:04:07 Checking for update using Github
2025-10-31 15:04:07 Success.
2025-10-31 15:04:07 Latest version is 1.9.14
2025-10-31 15:04:07 App is up to date.
2025-10-31 16:04:07 Checking for update using Github
2025-10-31 16:04:07 Success.
2025-10-31 16:04:07 Latest version is 1.9.14
2025-10-31 16:04:07 App is up to date.
2025-10-31 17:04:07 Checking for update using Github
2025-10-31 17:04:07 Success.
2025-10-31 17:04:07 Latest version is 1.9.14
2025-10-31 17:04:07 App is up to date.
2025-10-31 18:04:07 Checking for update using Github
2025-10-31 18:04:07 Success.
2025-10-31 18:04:07 Latest version is 1.9.14
2025-10-31 18:04:07 App is up to date.
2025-10-31 19:04:07 Checking for update using Github
2025-10-31 19:04:07 Success.
2025-10-31 19:04:07 Latest version is 1.9.14
2025-10-31 19:04:07 App is up to date.
2025-10-31 20:04:07 Checking for update using Github
2025-10-31 20:04:07 Success.
2025-10-31 20:04:07 Latest version is 1.9.14
2025-10-31 20:04:07 App is up to date.
2025-10-31 21:04:07 Checking for update using Github
2025-10-31 21:04:07 Success.
2025-10-31 21:04:07 Latest version is 1.9.14
2025-10-31 21:04:07 App is up to date.
2025-10-31 22:04:07 Checking for update using Github
2025-10-31 22:04:07 Success.
2025-10-31 22:04:07 Latest version is 1.9.14
2025-10-31 22:04:07 App is up to date.
2025-10-31 23:04:07 Checking for update using Github
2025-10-31 23:04:07 Success.
2025-10-31 23:04:07 Latest version is 1.9.14
2025-10-31 23:04:07 App is up to date.
2025-11-01 00:04:07 Checking for update using Github
2025-11-01 00:04:07 Success.
2025-11-01 00:04:07 Latest version is 1.9.14
2025-11-01 00:04:07 App is up to date.
2025-11-01 01:04:07 Checking for update using Github
2025-11-01 01:04:07 Success.
2025-11-01 01:04:07 Latest version is 1.9.14
2025-11-01 01:04:07 App is up to date.
2025-11-01 02:04:07 Checking for update using Github
2025-11-01 02:04:08 Success.
2025-11-01 02:04:08 Latest version is 1.9.14
2025-11-01 02:04:08 App is up to date.
2025-11-01 03:04:07 Checking for update using Github
2025-11-01 03:04:07 Success.
2025-11-01 03:04:07 Latest version is 1.9.14
2025-11-01 03:04:07 App is up to date.
2025-11-01 04:04:07 Checking for update using Github
2025-11-01 04:04:08 Success.
2025-11-01 04:04:08 Latest version is 1.9.14
2025-11-01 04:04:08 App is up to date.
2025-11-01 05:04:07 Checking for update using Github
2025-11-01 05:04:07 Success.
2025-11-01 05:04:07 Latest version is 1.9.14
2025-11-01 05:04:07 App is up to date.
2025-11-01 06:04:07 Checking for update using Github
2025-11-01 06:04:07 Success.
2025-11-01 06:04:07 Latest version is 1.9.14
2025-11-01 06:04:07 App is up to date.
2025-11-01 07:04:07 Checking for update using Github
2025-11-01 07:04:08 Success.
2025-11-01 07:04:08 Latest version is 1.9.14
2025-11-01 07:04:08 App is up to date.
2025-11-01 08:04:07 Checking for update using Github
2025-11-01 08:04:07 Success.
2025-11-01 08:04:07 Latest version is 1.9.14
2025-11-01 08:04:07 App is up to date.
2025-11-01 08:46:52 Loading main app package /opt/obsidian/resources/obsidian.asar
2025-11-01 08:46:52 Checking for update using Github
2025-11-01 08:47:35 Failed to check for update using Github (net::ERR_NAME_NOT_RESOLVED)
2025-11-01 08:47:35 Checking for update using obsidian.md
2025-11-01 08:48:04 Failed to check for update using obsidian.md (net::ERR_NAME_NOT_RESOLVED)
2025-11-01 15:58:57 Loading main app package /opt/obsidian/resources/obsidian.asar
2025-11-01 15:58:57 Checking for update using Github
2025-11-01 15:58:57 Success.
2025-11-01 15:58:57 Latest version is 1.9.14
2025-11-01 15:58:57 App is up to date.
2025-11-01 16:58:56 Checking for update using Github
2025-11-01 16:58:56 Success.
2025-11-01 16:58:56 Latest version is 1.9.14
2025-11-01 16:58:56 App is up to date.
2025-11-01 17:58:56 Checking for update using Github
2025-11-01 17:58:56 Success.
2025-11-01 17:58:56 Latest version is 1.9.14
2025-11-01 17:58:56 App is up to date.
2025-11-01 18:58:56 Checking for update using Github
2025-11-01 18:58:56 Success.
2025-11-01 18:58:56 Latest version is 1.9.14
2025-11-01 18:58:56 App is up to date.
2025-11-01 19:58:56 Checking for update using Github
2025-11-01 19:58:56 Success.
2025-11-01 19:58:56 Latest version is 1.9.14
2025-11-01 19:58:56 App is up to date.
2025-11-01 20:58:56 Checking for update using Github
2025-11-01 20:58:56 Success.
2025-11-01 20:58:56 Latest version is 1.9.14
2025-11-01 20:58:56 App is up to date.
2025-11-01 21:58:56 Checking for update using Github
2025-11-01 21:58:56 Success.
2025-11-01 21:58:56 Latest version is 1.9.14
2025-11-01 21:58:56 App is up to date.
2025-11-01 22:39:45 Loading main app package /opt/obsidian/resources/obsidian.asar
2025-11-01 22:39:45 Checking for update using Github
2025-11-01 22:40:26 Failed to check for update using Github (net::ERR_NAME_NOT_RESOLVED)
2025-11-01 22:40:26 Checking for update using obsidian.md
2025-11-01 22:40:46 Failed to check for update using obsidian.md (net::ERR_NAME_NOT_RESOLVED)
2025-11-02 01:22:29 Loading main app package /opt/obsidian/resources/obsidian.asar
2025-11-02 01:22:29 Checking for update using Github
2025-11-02 01:22:29 Success.
2025-11-02 01:22:29 Latest version is 1.9.14
2025-11-02 01:22:29 App is up to date.
2025-11-02 03:22:29 Checking for update using Github
2025-11-02 03:22:29 Success.
2025-11-02 03:22:29 Latest version is 1.9.14
2025-11-02 03:22:29 App is up to date.
2025-11-02 04:22:29 Checking for update using Github
2025-11-02 04:22:29 Success.
2025-11-02 04:22:29 Latest version is 1.9.14
2025-11-02 04:22:29 App is up to date.
2025-11-02 05:22:29 Checking for update using Github
2025-11-02 05:22:29 Success.
2025-11-02 05:22:29 Latest version is 1.9.14
2025-11-02 05:22:29 App is up to date.
2025-11-02 06:22:29 Checking for update using Github
2025-11-02 06:22:29 Success.
2025-11-02 06:22:29 Latest version is 1.9.14
2025-11-02 06:22:29 App is up to date.
2025-11-02 07:22:29 Checking for update using Github
2025-11-02 07:22:29 Success.
2025-11-02 07:22:29 Latest version is 1.9.14
2025-11-02 07:22:29 App is up to date.
2025-11-02 08:22:29 Checking for update using Github
2025-11-02 08:22:29 Success.
2025-11-02 08:22:29 Latest version is 1.9.14
2025-11-02 08:22:29 App is up to date.
2025-11-02 09:22:29 Checking for update using Github
2025-11-02 09:22:29 Success.
2025-11-02 09:22:29 Latest version is 1.9.14
2025-11-02 09:22:29 App is up to date.
2025-11-02 10:22:29 Checking for update using Github
2025-11-02 10:22:29 Success.
2025-11-02 10:22:29 Latest version is 1.9.14
2025-11-02 10:22:29 App is up to date.
2025-11-02 20:38:45 Loading main app package /opt/obsidian/resources/obsidian.asar
2025-11-02 20:38:45 Checking for update using Github
2025-11-02 20:38:45 Success.
2025-11-02 20:38:45 Latest version is 1.9.14
2025-11-02 20:38:45 App is up to date.
2025-11-02 20:39:37 Loading main app package /opt/obsidian/resources/obsidian.asar
2025-11-02 20:39:38 Checking for update using Github
2025-11-02 20:39:38 Success.
2025-11-02 20:39:38 Latest version is 1.9.14
2025-11-02 20:39:38 App is up to date.
2025-11-03 10:40:32 Loading main app package /opt/obsidian/resources/obsidian.asar
2025-11-03 10:40:32 Checking for update using Github
2025-11-03 10:40:32 Success.
2025-11-03 10:40:32 Latest version is 1.9.14
2025-11-03 10:40:32 App is up to date.
2025-11-03 19:40:31 Checking for update using Github
2025-11-03 19:40:32 Success.
2025-11-03 19:40:32 Latest version is 1.9.14
2025-11-03 19:40:32 App is up to date.
2025-11-03 20:40:31 Checking for update using Github
2025-11-03 20:40:32 Success.
2025-11-03 20:40:32 Latest version is 1.9.14
2025-11-03 20:40:32 App is up to date.
2025-11-03 21:40:31 Checking for update using Github
2025-11-03 21:40:32 Success.
2025-11-03 21:40:32 Latest version is 1.9.14
2025-11-03 21:40:32 App is up to date.
2025-11-03 22:40:31 Checking for update using Github
2025-11-03 22:40:32 Success.
2025-11-03 22:40:32 Latest version is 1.9.14
2025-11-03 22:40:32 App is up to date.
2025-11-03 23:40:31 Checking for update using Github
2025-11-03 23:40:32 Success.
2025-11-03 23:40:32 Latest version is 1.9.14
2025-11-03 23:40:32 App is up to date.
2025-11-04 00:40:31 Checking for update using Github
2025-11-04 00:40:32 Success.
2025-11-04 00:40:32 Latest version is 1.9.14
2025-11-04 00:40:32 App is up to date.
2025-11-04 01:40:32 Checking for update using Github
2025-11-04 01:40:32 Success.
2025-11-04 01:40:32 Latest version is 1.9.14
2025-11-04 01:40:32 App is up to date.
2025-11-04 02:40:32 Checking for update using Github
2025-11-04 02:40:32 Success.
2025-11-04 02:40:32 Latest version is 1.9.14
2025-11-04 02:40:32 App is up to date.
2025-11-04 02:48:03 Loading main app package /opt/obsidian/resources/obsidian.asar
2025-11-04 02:48:03 Checking for update using Github
2025-11-04 02:48:46 Failed to check for update using Github (net::ERR_NAME_NOT_RESOLVED)
2025-11-04 02:48:46 Checking for update using obsidian.md
2025-11-04 02:49:15 Failed to check for update using obsidian.md (net::ERR_NAME_NOT_RESOLVED)
2025-11-04 06:39:24 Loading main app package /opt/obsidian/resources/obsidian.asar
2025-11-04 06:39:24 Checking for update using Github
2025-11-04 06:39:24 Success.
2025-11-04 06:39:24 Latest version is 1.9.14
2025-11-04 06:39:24 App is up to date.
2025-11-04 07:39:24 Checking for update using Github
2025-11-04 07:39:24 Success.
2025-11-04 07:39:24 Latest version is 1.9.14
2025-11-04 07:39:24 App is up to date.
2025-11-04 18:12:56 Loading main app package /opt/obsidian/resources/obsidian.asar
2025-11-04 18:12:56 Checking for update using Github
2025-11-04 18:12:56 Success.
2025-11-04 18:12:56 Latest version is 1.9.14
2025-11-04 18:12:56 App is up to date.
2025-11-04 19:12:55 Checking for update using Github
2025-11-04 19:12:55 Success.
2025-11-04 19:12:55 Latest version is 1.9.14
2025-11-04 19:12:55 App is up to date.
2025-11-04 20:12:55 Checking for update using Github
2025-11-04 20:12:55 Success.
2025-11-04 20:12:55 Latest version is 1.9.14
2025-11-04 20:12:55 App is up to date.
2025-11-04 21:12:55 Checking for update using Github
2025-11-04 21:12:55 Success.
2025-11-04 21:12:55 Latest version is 1.9.14
2025-11-04 21:12:55 App is up to date.
2025-11-04 22:12:55 Checking for update using Github
2025-11-04 22:12:55 Success.
2025-11-04 22:12:55 Latest version is 1.9.14
2025-11-04 22:12:55 App is up to date.
2025-11-04 23:12:55 Checking for update using Github
2025-11-04 23:12:55 Success.
2025-11-04 23:12:55 Latest version is 1.9.14
2025-11-04 23:12:55 App is up to date.
2025-11-05 00:12:55 Checking for update using Github
2025-11-05 00:12:55 Success.
2025-11-05 00:12:55 Latest version is 1.9.14
2025-11-05 00:12:55 App is up to date.
2025-11-05 01:12:55 Checking for update using Github
2025-11-05 01:12:55 Success.
2025-11-05 01:12:55 Latest version is 1.9.14
2025-11-05 01:12:55 App is up to date.
2025-11-05 02:12:55 Checking for update using Github
2025-11-05 02:12:55 Success.
2025-11-05 02:12:55 Latest version is 1.9.14
2025-11-05 02:12:55 App is up to date.
2025-11-05 03:12:55 Checking for update using Github
2025-11-05 03:12:55 Success.
2025-11-05 03:12:55 Latest version is 1.9.14
2025-11-05 03:12:55 App is up to date.
2025-11-05 04:12:55 Checking for update using Github
2025-11-05 04:12:55 Success.
2025-11-05 04:12:55 Latest version is 1.9.14
2025-11-05 04:12:55 App is up to date.
2025-11-05 05:12:55 Checking for update using Github
2025-11-05 05:12:55 Success.
2025-11-05 05:12:55 Latest version is 1.9.14
2025-11-05 05:12:55 App is up to date.
2025-11-05 06:12:55 Checking for update using Github
2025-11-05 06:12:55 Success.
2025-11-05 06:12:55 Latest version is 1.9.14
2025-11-05 06:12:55 App is up to date.
2025-11-05 07:12:55 Checking for update using Github
2025-11-05 07:12:55 Success.
2025-11-05 07:12:55 Latest version is 1.9.14
2025-11-05 07:12:55 App is up to date.
2025-11-05 08:12:55 Checking for update using Github
2025-11-05 08:12:55 Success.
2025-11-05 08:12:55 Latest version is 1.9.14
2025-11-05 08:12:55 App is up to date.
2025-11-05 09:12:55 Checking for update using Github
2025-11-05 09:12:55 Success.
2025-11-05 09:12:55 Latest version is 1.9.14
2025-11-05 09:12:55 App is up to date.
2025-11-05 10:12:55 Checking for update using Github
2025-11-05 10:12:55 Success.
2025-11-05 10:12:55 Latest version is 1.9.14
2025-11-05 10:12:55 App is up to date.
2025-11-05 11:12:55 Checking for update using Github
2025-11-05 11:12:55 Success.
2025-11-05 11:12:55 Latest version is 1.9.14
2025-11-05 11:12:55 App is up to date.
2025-11-05 12:12:55 Checking for update using Github
2025-11-05 12:12:55 Success.
2025-11-05 12:12:55 Latest version is 1.9.14
2025-11-05 12:12:55 App is up to date.
2025-11-05 13:12:55 Checking for update using Github
2025-11-05 13:12:55 Success.
2025-11-05 13:12:55 Latest version is 1.9.14
2025-11-05 13:12:55 App is up to date.
2025-11-05 14:12:55 Checking for update using Github
2025-11-05 14:12:55 Success.
2025-11-05 14:12:55 Latest version is 1.9.14
2025-11-05 14:12:55 App is up to date.
2025-11-05 20:01:53 Loading main app package /opt/obsidian/resources/obsidian.asar
2025-11-05 20:01:54 Checking for update using Github
2025-11-05 20:01:54 Success.
2025-11-05 20:01:54 Latest version is 1.9.14
2025-11-05 20:01:54 App is up to date.
